<?xml version="1.0" encoding="UTF-8"?>
<testsuite xmlns:xsi="http://www.w3.org/2001/XMLSchema-instance" xsi:noNamespaceSchemaLocation="https://maven.apache.org/surefire/maven-surefire-plugin/xsd/surefire-test-report-3.0.xsd" version="3.0" name="org.example.shopping.ProductRepositoryTest" time="2.248" tests="2" errors="0" skipped="0" failures="0">
  <properties>
[...]
</properties>
  <testcase name="testSaveProductWithDuplicateId" classname="org.example.shopping.ProductRepositoryTest" time="0.414">
    <system-out><![CDATA[
  .   ____          _            __ _ _
 /\\ / ___'_ __ _ _(_)_ __  __ _ \ \ \ \
( ( )\___ | '_ | '_| | '_ \/ _` | \ \ \ \
 \\/  ___)| |_)| | | | | || (_| |  ) ) ) )
  '  |____| .__|_| |_|_| |_\__, | / / / /
 =========|_|==============|___/=/_/_/_/
 :: Spring Boot ::                (v3.2.6)

2024-06-03T14:49:47.211+05:30  INFO 23426 --- [           main] o.e.shopping.ProductRepositoryTest       : Starting ProductRepositoryTest using Java 21.0.1 with PID 23426 (started by skumari in /Users/skumari/Desktop/JPACapstone)
2024-06-03T14:49:47.212+05:30  INFO 23426 --- [           main] o.e.shopping.ProductRepositoryTest       : The following 1 profile is active: "test"
2024-06-03T14:49:47.409+05:30  INFO 23426 --- [           main] .s.d.r.c.RepositoryConfigurationDelegate : Bootstrapping Spring Data JPA repositories in DEFAULT mode.
2024-06-03T14:49:47.439+05:30  INFO 23426 --- [           main] .s.d.r.c.RepositoryConfigurationDelegate : Finished Spring Data repository scanning in 27 ms. Found 1 JPA repository interface.
2024-06-03T14:49:47.689+05:30  INFO 23426 --- [           main] com.zaxxer.hikari.HikariDataSource       : HikariPool-1 - Starting...
2024-06-03T14:49:47.776+05:30  INFO 23426 --- [           main] com.zaxxer.hikari.pool.HikariPool        : HikariPool-1 - Added connection org.postgresql.jdbc.PgConnection@12219f6a
2024-06-03T14:49:47.776+05:30  INFO 23426 --- [           main] com.zaxxer.hikari.HikariDataSource       : HikariPool-1 - Start completed.
2024-06-03T14:49:47.821+05:30  INFO 23426 --- [           main] o.hibernate.jpa.internal.util.LogHelper  : HHH000204: Processing PersistenceUnitInfo [name: default]
2024-06-03T14:49:47.847+05:30  INFO 23426 --- [           main] org.hibernate.Version                    : HHH000412: Hibernate ORM core version 6.4.8.Final
2024-06-03T14:49:47.862+05:30  INFO 23426 --- [           main] o.h.c.internal.RegionFactoryInitiator    : HHH000026: Second-level cache disabled
2024-06-03T14:49:47.960+05:30  INFO 23426 --- [           main] o.s.o.j.p.SpringPersistenceUnitInfo      : No LoadTimeWeaver setup: ignoring JPA class transformer
2024-06-03T14:49:47.983+05:30  WARN 23426 --- [           main] org.hibernate.orm.deprecation            : HHH90000025: PostgreSQLDialect does not need to be specified explicitly using 'hibernate.dialect' (remove the property setting and it will be selected by default)
2024-06-03T14:49:48.368+05:30  INFO 23426 --- [           main] o.h.e.t.j.p.i.JtaPlatformInitiator       : HHH000489: No JTA platform available (set 'hibernate.transaction.jta.platform' to enable JTA platform integration)
Hibernate: drop table if exists product cascade
Hibernate: create table product (price float(53), id bigserial not null, name varchar(255), primary key (id))
2024-06-03T14:49:48.393+05:30  INFO 23426 --- [           main] j.LocalContainerEntityManagerFactoryBean : Initialized JPA EntityManagerFactory for persistence unit 'default'
2024-06-03T14:49:48.554+05:30  WARN 23426 --- [           main] JpaBaseConfiguration$JpaWebConfiguration : spring.jpa.open-in-view is enabled by default. Therefore, database queries may be performed during view rendering. Explicitly configure spring.jpa.open-in-view to disable this warning
2024-06-03T14:49:48.724+05:30  INFO 23426 --- [           main] o.e.shopping.ProductRepositoryTest       : Started ProductRepositoryTest in 1.643 seconds (process running for 2.099)
Hibernate: select p1_0.id,p1_0.name,p1_0.price from product p1_0
Hibernate: select p1_0.id,p1_0.name,p1_0.price from product p1_0 where p1_0.id=?
Hibernate: insert into product (name,price) values (?,?)
]]></system-out>
    <system-err><![CDATA[WARNING: A Java agent has been loaded dynamically (/Users/skumari/.m2/repository/net/bytebuddy/byte-buddy-agent/1.14.16/byte-buddy-agent-1.14.16.jar)
WARNING: If a serviceability tool is in use, please run with -XX:+EnableDynamicAgentLoading to hide this warning
WARNING: If a serviceability tool is not in use, please run with -Djdk.instrument.traceUsage for more information
WARNING: Dynamic loading of agents will be disallowed by default in a future release
]]></system-err>
  </testcase>
  <testcase name="testSaveAndFindProduct" classname="org.example.shopping.ProductRepositoryTest" time="0.013">
    <system-out><![CDATA[Hibernate: select p1_0.id,p1_0.name,p1_0.price from product p1_0
Hibernate: insert into product (name,price) values (?,?)
Hibernate: select p1_0.id,p1_0.name,p1_0.price from product p1_0 where p1_0.id=?
]]></system-out>
  </testcase>
</testsuite>